This file contains any messages produced by compilers while
running configure, to aid debugging if configure makes a mistake.

configure:607: gcc -E conftest.c
configure:667: gcc -E  conftest.c >/dev/null 2>conftest.out
configure:999: gcc -o conftest -g -O -DHAVE_WX    -L/usr/X11R6/lib conftest.c -lICE   -L/usr/local/lib   -framework IOKit -framework Carbon -framework Cocoa -framework System -framework QuickTime  /usr/local/lib/libwx_mac_aui-2.8.a /usr/local/lib/libwx_mac_xrc-2.8.a /usr/local/lib/libwx_mac_qa-2.8.a /usr/local/lib/libwx_mac_html-2.8.a /usr/local/lib/libwx_mac_adv-2.8.a /usr/local/lib/libwx_mac_core-2.8.a /usr/local/lib/libwx_base_carbon_xml-2.8.a /usr/local/lib/libwx_base_carbon_net-2.8.a /usr/local/lib/libwx_base_carbon-2.8.a -framework WebKit -lwxexpat-2.8 -lwxtiff-2.8 -lwxjpeg-2.8 -lwxpng-2.8 -lz -lpthread -liconv  1>&5
configure:1047: gcc -o conftest -g -O -DHAVE_WX    conftest.c -ldnet   -L/usr/local/lib   -framework IOKit -framework Carbon -framework Cocoa -framework System -framework QuickTime  /usr/local/lib/libwx_mac_aui-2.8.a /usr/local/lib/libwx_mac_xrc-2.8.a /usr/local/lib/libwx_mac_qa-2.8.a /usr/local/lib/libwx_mac_html-2.8.a /usr/local/lib/libwx_mac_adv-2.8.a /usr/local/lib/libwx_mac_core-2.8.a /usr/local/lib/libwx_base_carbon_xml-2.8.a /usr/local/lib/libwx_base_carbon_net-2.8.a /usr/local/lib/libwx_base_carbon-2.8.a -framework WebKit -lwxexpat-2.8 -lwxtiff-2.8 -lwxjpeg-2.8 -lwxpng-2.8 -lz -lpthread -liconv  1>&5
/usr/bin/ld: can't locate file for: -ldnet
collect2: ld returned 1 exit status
configure:1086: gcc -o conftest -g -O -DHAVE_WX    conftest.c -ldnet_stub   -L/usr/local/lib   -framework IOKit -framework Carbon -framework Cocoa -framework System -framework QuickTime  /usr/local/lib/libwx_mac_aui-2.8.a /usr/local/lib/libwx_mac_xrc-2.8.a /usr/local/lib/libwx_mac_qa-2.8.a /usr/local/lib/libwx_mac_html-2.8.a /usr/local/lib/libwx_mac_adv-2.8.a /usr/local/lib/libwx_mac_core-2.8.a /usr/local/lib/libwx_base_carbon_xml-2.8.a /usr/local/lib/libwx_base_carbon_net-2.8.a /usr/local/lib/libwx_base_carbon-2.8.a -framework WebKit -lwxexpat-2.8 -lwxtiff-2.8 -lwxjpeg-2.8 -lwxpng-2.8 -lz -lpthread -liconv  1>&5
/usr/bin/ld: can't locate file for: -ldnet_stub
collect2: ld returned 1 exit status
configure:1130: gcc -o conftest -g -O -DHAVE_WX    conftest.c -lnsl   -L/usr/local/lib   -framework IOKit -framework Carbon -framework Cocoa -framework System -framework QuickTime  /usr/local/lib/libwx_mac_aui-2.8.a /usr/local/lib/libwx_mac_xrc-2.8.a /usr/local/lib/libwx_mac_qa-2.8.a /usr/local/lib/libwx_mac_html-2.8.a /usr/local/lib/libwx_mac_adv-2.8.a /usr/local/lib/libwx_mac_core-2.8.a /usr/local/lib/libwx_base_carbon_xml-2.8.a /usr/local/lib/libwx_base_carbon_net-2.8.a /usr/local/lib/libwx_base_carbon-2.8.a -framework WebKit -lwxexpat-2.8 -lwxtiff-2.8 -lwxjpeg-2.8 -lwxpng-2.8 -lz -lpthread -liconv  1>&5
/usr/bin/ld: can't locate file for: -lnsl
collect2: ld returned 1 exit status
configure:1173: gcc -o conftest -g -O -DHAVE_WX    conftest.c -lsocket   -L/usr/local/lib   -framework IOKit -framework Carbon -framework Cocoa -framework System -framework QuickTime  /usr/local/lib/libwx_mac_aui-2.8.a /usr/local/lib/libwx_mac_xrc-2.8.a /usr/local/lib/libwx_mac_qa-2.8.a /usr/local/lib/libwx_mac_html-2.8.a /usr/local/lib/libwx_mac_adv-2.8.a /usr/local/lib/libwx_mac_core-2.8.a /usr/local/lib/libwx_base_carbon_xml-2.8.a /usr/local/lib/libwx_base_carbon_net-2.8.a /usr/local/lib/libwx_base_carbon-2.8.a -framework WebKit -lwxexpat-2.8 -lwxtiff-2.8 -lwxjpeg-2.8 -lwxpng-2.8 -lz -lpthread -liconv  1>&5
/usr/bin/ld: can't locate file for: -lsocket
collect2: ld returned 1 exit status
configure:1215: gcc -o conftest -g -O -DHAVE_WX    conftest.c -lm   -L/usr/local/lib   -framework IOKit -framework Carbon -framework Cocoa -framework System -framework QuickTime  /usr/local/lib/libwx_mac_aui-2.8.a /usr/local/lib/libwx_mac_xrc-2.8.a /usr/local/lib/libwx_mac_qa-2.8.a /usr/local/lib/libwx_mac_html-2.8.a /usr/local/lib/libwx_mac_adv-2.8.a /usr/local/lib/libwx_mac_core-2.8.a /usr/local/lib/libwx_base_carbon_xml-2.8.a /usr/local/lib/libwx_base_carbon_net-2.8.a /usr/local/lib/libwx_base_carbon-2.8.a -framework WebKit -lwxexpat-2.8 -lwxtiff-2.8 -lwxjpeg-2.8 -lwxpng-2.8 -lz -lpthread -liconv  1>&5
configure:1207: warning: conflicting types for built-in function 'atan'
configure:1259: gcc -o conftest -g -O -DHAVE_WX    conftest.c -lBSD  -lm  -L/usr/local/lib   -framework IOKit -framework Carbon -framework Cocoa -framework System -framework QuickTime  /usr/local/lib/libwx_mac_aui-2.8.a /usr/local/lib/libwx_mac_xrc-2.8.a /usr/local/lib/libwx_mac_qa-2.8.a /usr/local/lib/libwx_mac_html-2.8.a /usr/local/lib/libwx_mac_adv-2.8.a /usr/local/lib/libwx_mac_core-2.8.a /usr/local/lib/libwx_base_carbon_xml-2.8.a /usr/local/lib/libwx_base_carbon_net-2.8.a /usr/local/lib/libwx_base_carbon-2.8.a -framework WebKit -lwxexpat-2.8 -lwxtiff-2.8 -lwxjpeg-2.8 -lwxpng-2.8 -lz -lpthread -liconv  1>&5
/usr/bin/ld: can't locate file for: -lBSD
collect2: ld returned 1 exit status
configure:1303: gcc -o conftest -g -O -DHAVE_WX    conftest.c -lbsd  -lm  -L/usr/local/lib   -framework IOKit -framework Carbon -framework Cocoa -framework System -framework QuickTime  /usr/local/lib/libwx_mac_aui-2.8.a /usr/local/lib/libwx_mac_xrc-2.8.a /usr/local/lib/libwx_mac_qa-2.8.a /usr/local/lib/libwx_mac_html-2.8.a /usr/local/lib/libwx_mac_adv-2.8.a /usr/local/lib/libwx_mac_core-2.8.a /usr/local/lib/libwx_base_carbon_xml-2.8.a /usr/local/lib/libwx_base_carbon_net-2.8.a /usr/local/lib/libwx_base_carbon-2.8.a -framework WebKit -lwxexpat-2.8 -lwxtiff-2.8 -lwxjpeg-2.8 -lwxpng-2.8 -lz -lpthread -liconv  1>&5
/usr/bin/ld: can't locate file for: -lbsd
collect2: ld returned 1 exit status
configure:1349: gcc -o conftest -g -O -DHAVE_WX    conftest.c -ltermcap  -lm  -L/usr/local/lib   -framework IOKit -framework Carbon -framework Cocoa -framework System -framework QuickTime  /usr/local/lib/libwx_mac_aui-2.8.a /usr/local/lib/libwx_mac_xrc-2.8.a /usr/local/lib/libwx_mac_qa-2.8.a /usr/local/lib/libwx_mac_html-2.8.a /usr/local/lib/libwx_mac_adv-2.8.a /usr/local/lib/libwx_mac_core-2.8.a /usr/local/lib/libwx_base_carbon_xml-2.8.a /usr/local/lib/libwx_base_carbon_net-2.8.a /usr/local/lib/libwx_base_carbon-2.8.a -framework WebKit -lwxexpat-2.8 -lwxtiff-2.8 -lwxjpeg-2.8 -lwxpng-2.8 -lz -lpthread -liconv  1>&5
configure:1470: gcc -o conftest -g -O -DHAVE_WX    conftest.c -lm  -L/usr/local/lib   -framework IOKit -framework Carbon -framework Cocoa -framework System -framework QuickTime  /usr/local/lib/libwx_mac_aui-2.8.a /usr/local/lib/libwx_mac_xrc-2.8.a /usr/local/lib/libwx_mac_qa-2.8.a /usr/local/lib/libwx_mac_html-2.8.a /usr/local/lib/libwx_mac_adv-2.8.a /usr/local/lib/libwx_mac_core-2.8.a /usr/local/lib/libwx_base_carbon_xml-2.8.a /usr/local/lib/libwx_base_carbon_net-2.8.a /usr/local/lib/libwx_base_carbon-2.8.a -framework WebKit -lwxexpat-2.8 -lwxtiff-2.8 -lwxjpeg-2.8 -lwxpng-2.8 -lz -lpthread -liconv  -ltermcap 1>&5
configure:1496: gcc -E  conftest.c >/dev/null 2>conftest.out
configure:1561: gcc -o conftest -g -O -DHAVE_WX    conftest.c -lm  -L/usr/local/lib   -framework IOKit -framework Carbon -framework Cocoa -framework System -framework QuickTime  /usr/local/lib/libwx_mac_aui-2.8.a /usr/local/lib/libwx_mac_xrc-2.8.a /usr/local/lib/libwx_mac_qa-2.8.a /usr/local/lib/libwx_mac_html-2.8.a /usr/local/lib/libwx_mac_adv-2.8.a /usr/local/lib/libwx_mac_core-2.8.a /usr/local/lib/libwx_base_carbon_xml-2.8.a /usr/local/lib/libwx_base_carbon_net-2.8.a /usr/local/lib/libwx_base_carbon-2.8.a -framework WebKit -lwxexpat-2.8 -lwxtiff-2.8 -lwxjpeg-2.8 -lwxpng-2.8 -lz -lpthread -liconv  -ltermcap 1>&5
configure: In function 'main':
configure:1556: warning: incompatible implicit declaration of built-in function 'exit'
configure:1593: gcc -E  conftest.c >/dev/null 2>conftest.out
configure:1593: gcc -E  conftest.c >/dev/null 2>conftest.out
configure:1589:20: error: termio.h: No such file or directory
configure:1593: gcc -E  conftest.c >/dev/null 2>conftest.out
configure:1593: gcc -E  conftest.c >/dev/null 2>conftest.out
configure:1672: gcc -c -g -O -DHAVE_WX   conftest.c 1>&5
configure:1672: gcc -c -g -O -DHAVE_WX   conftest.c 1>&5
configure: In function 't':
configure:1666: warning: 'return' with a value, in function returning void
configure:1721: gcc -o conftest -g -O -DHAVE_WX    conftest.c -lm  -L/usr/local/lib   -framework IOKit -framework Carbon -framework Cocoa -framework System -framework QuickTime  /usr/local/lib/libwx_mac_aui-2.8.a /usr/local/lib/libwx_mac_xrc-2.8.a /usr/local/lib/libwx_mac_qa-2.8.a /usr/local/lib/libwx_mac_html-2.8.a /usr/local/lib/libwx_mac_adv-2.8.a /usr/local/lib/libwx_mac_core-2.8.a /usr/local/lib/libwx_base_carbon_xml-2.8.a /usr/local/lib/libwx_base_carbon_net-2.8.a /usr/local/lib/libwx_base_carbon-2.8.a -framework WebKit -lwxexpat-2.8 -lwxtiff-2.8 -lwxjpeg-2.8 -lwxpng-2.8 -lz -lpthread -liconv  -ltermcap 1>&5
configure:1721: gcc -o conftest -g -O -DHAVE_WX    conftest.c -lm  -L/usr/local/lib   -framework IOKit -framework Carbon -framework Cocoa -framework System -framework QuickTime  /usr/local/lib/libwx_mac_aui-2.8.a /usr/local/lib/libwx_mac_xrc-2.8.a /usr/local/lib/libwx_mac_qa-2.8.a /usr/local/lib/libwx_mac_html-2.8.a /usr/local/lib/libwx_mac_adv-2.8.a /usr/local/lib/libwx_mac_core-2.8.a /usr/local/lib/libwx_base_carbon_xml-2.8.a /usr/local/lib/libwx_base_carbon_net-2.8.a /usr/local/lib/libwx_base_carbon-2.8.a -framework WebKit -lwxexpat-2.8 -lwxtiff-2.8 -lwxjpeg-2.8 -lwxpng-2.8 -lz -lpthread -liconv  -ltermcap 1>&5
configure:1721: gcc -o conftest -g -O -DHAVE_WX    conftest.c -lm  -L/usr/local/lib   -framework IOKit -framework Carbon -framework Cocoa -framework System -framework QuickTime  /usr/local/lib/libwx_mac_aui-2.8.a /usr/local/lib/libwx_mac_xrc-2.8.a /usr/local/lib/libwx_mac_qa-2.8.a /usr/local/lib/libwx_mac_html-2.8.a /usr/local/lib/libwx_mac_adv-2.8.a /usr/local/lib/libwx_mac_core-2.8.a /usr/local/lib/libwx_base_carbon_xml-2.8.a /usr/local/lib/libwx_base_carbon_net-2.8.a /usr/local/lib/libwx_base_carbon-2.8.a -framework WebKit -lwxexpat-2.8 -lwxtiff-2.8 -lwxjpeg-2.8 -lwxpng-2.8 -lz -lpthread -liconv  -ltermcap 1>&5
configure:1721: gcc -o conftest -g -O -DHAVE_WX    conftest.c -lm  -L/usr/local/lib   -framework IOKit -framework Carbon -framework Cocoa -framework System -framework QuickTime  /usr/local/lib/libwx_mac_aui-2.8.a /usr/local/lib/libwx_mac_xrc-2.8.a /usr/local/lib/libwx_mac_qa-2.8.a /usr/local/lib/libwx_mac_html-2.8.a /usr/local/lib/libwx_mac_adv-2.8.a /usr/local/lib/libwx_mac_core-2.8.a /usr/local/lib/libwx_base_carbon_xml-2.8.a /usr/local/lib/libwx_base_carbon_net-2.8.a /usr/local/lib/libwx_base_carbon-2.8.a -framework WebKit -lwxexpat-2.8 -lwxtiff-2.8 -lwxjpeg-2.8 -lwxpng-2.8 -lz -lpthread -liconv  -ltermcap 1>&5
configure:1721: gcc -o conftest -g -O -DHAVE_WX    conftest.c -lm  -L/usr/local/lib   -framework IOKit -framework Carbon -framework Cocoa -framework System -framework QuickTime  /usr/local/lib/libwx_mac_aui-2.8.a /usr/local/lib/libwx_mac_xrc-2.8.a /usr/local/lib/libwx_mac_qa-2.8.a /usr/local/lib/libwx_mac_html-2.8.a /usr/local/lib/libwx_mac_adv-2.8.a /usr/local/lib/libwx_mac_core-2.8.a /usr/local/lib/libwx_base_carbon_xml-2.8.a /usr/local/lib/libwx_base_carbon_net-2.8.a /usr/local/lib/libwx_base_carbon-2.8.a -framework WebKit -lwxexpat-2.8 -lwxtiff-2.8 -lwxjpeg-2.8 -lwxpng-2.8 -lz -lpthread -liconv  -ltermcap 1>&5
configure:1721: gcc -o conftest -g -O -DHAVE_WX    conftest.c -lm  -L/usr/local/lib   -framework IOKit -framework Carbon -framework Cocoa -framework System -framework QuickTime  /usr/local/lib/libwx_mac_aui-2.8.a /usr/local/lib/libwx_mac_xrc-2.8.a /usr/local/lib/libwx_mac_qa-2.8.a /usr/local/lib/libwx_mac_html-2.8.a /usr/local/lib/libwx_mac_adv-2.8.a /usr/local/lib/libwx_mac_core-2.8.a /usr/local/lib/libwx_base_carbon_xml-2.8.a /usr/local/lib/libwx_base_carbon_net-2.8.a /usr/local/lib/libwx_base_carbon-2.8.a -framework WebKit -lwxexpat-2.8 -lwxtiff-2.8 -lwxjpeg-2.8 -lwxpng-2.8 -lz -lpthread -liconv  -ltermcap 1>&5
configure:1704: warning: conflicting types for built-in function 'drem'
configure:1721: gcc -o conftest -g -O -DHAVE_WX    conftest.c -lm  -L/usr/local/lib   -framework IOKit -framework Carbon -framework Cocoa -framework System -framework QuickTime  /usr/local/lib/libwx_mac_aui-2.8.a /usr/local/lib/libwx_mac_xrc-2.8.a /usr/local/lib/libwx_mac_qa-2.8.a /usr/local/lib/libwx_mac_html-2.8.a /usr/local/lib/libwx_mac_adv-2.8.a /usr/local/lib/libwx_mac_core-2.8.a /usr/local/lib/libwx_base_carbon_xml-2.8.a /usr/local/lib/libwx_base_carbon_net-2.8.a /usr/local/lib/libwx_base_carbon-2.8.a -framework WebKit -lwxexpat-2.8 -lwxtiff-2.8 -lwxjpeg-2.8 -lwxpng-2.8 -lz -lpthread -liconv  -ltermcap 1>&5
/usr/bin/ld: Undefined symbols:
_irint
collect2: ld returned 1 exit status
configure:1721: gcc -o conftest -g -O -DHAVE_WX    conftest.c -lm  -L/usr/local/lib   -framework IOKit -framework Carbon -framework Cocoa -framework System -framework QuickTime  /usr/local/lib/libwx_mac_aui-2.8.a /usr/local/lib/libwx_mac_xrc-2.8.a /usr/local/lib/libwx_mac_qa-2.8.a /usr/local/lib/libwx_mac_html-2.8.a /usr/local/lib/libwx_mac_adv-2.8.a /usr/local/lib/libwx_mac_core-2.8.a /usr/local/lib/libwx_base_carbon_xml-2.8.a /usr/local/lib/libwx_base_carbon_net-2.8.a /usr/local/lib/libwx_base_carbon-2.8.a -framework WebKit -lwxexpat-2.8 -lwxtiff-2.8 -lwxjpeg-2.8 -lwxpng-2.8 -lz -lpthread -liconv  -ltermcap 1>&5
configure:1704: warning: conflicting types for built-in function 'bcopy'
configure:1721: gcc -o conftest -g -O -DHAVE_WX    conftest.c -lm  -L/usr/local/lib   -framework IOKit -framework Carbon -framework Cocoa -framework System -framework QuickTime  /usr/local/lib/libwx_mac_aui-2.8.a /usr/local/lib/libwx_mac_xrc-2.8.a /usr/local/lib/libwx_mac_qa-2.8.a /usr/local/lib/libwx_mac_html-2.8.a /usr/local/lib/libwx_mac_adv-2.8.a /usr/local/lib/libwx_mac_core-2.8.a /usr/local/lib/libwx_base_carbon_xml-2.8.a /usr/local/lib/libwx_base_carbon_net-2.8.a /usr/local/lib/libwx_base_carbon-2.8.a -framework WebKit -lwxexpat-2.8 -lwxtiff-2.8 -lwxjpeg-2.8 -lwxpng-2.8 -lz -lpthread -liconv  -ltermcap 1>&5
configure:1704: warning: conflicting types for built-in function 'memcpy'
configure:1769:20: error: termio.h: No such file or directory
